<?xml version="1.0" encoding="UTF-8"?>
<!-- Generated by org.testng.reporters.JUnitReportReporter -->
<testsuite hostname="STGIDT-NEW-41" failures="0" tests="1" name="com.Testcases.AddProductsPageObjectsTest" time="24.909" errors="0" timestamp="2022-01-17T19:01:12 IST" skipped="0">
  <testcase classname="com.Testcases.AddProductsPageObjectsTest" name="testObjects" time="24.909"/>
  <system-out/>
</testsuite> <!-- com.Testcases.AddProductsPageObjectsTest -->
