<?xml version="1.0" encoding="UTF-8"?>
<!-- Generated by org.testng.reporters.JUnitReportReporter -->
<testsuite hostname="STGIDT-NEW-41" failures="0" tests="1" name="com.Testcases.ThankyouPageTest" time="37.552" errors="0" timestamp="2022-01-18T13:09:14 IST" skipped="0">
  <testcase classname="com.Testcases.ThankyouPageTest" name="testObjects" time="37.552"/>
  <system-out/>
</testsuite> <!-- com.Testcases.ThankyouPageTest -->
