<?xml version="1.0" encoding="UTF-8"?>
<!-- Generated by org.testng.reporters.JUnitReportReporter -->
<testsuite hostname="STGIDT-NEW-41" failures="0" tests="1" name="com.Testcases.LoginObjectsTest" time="6.472" errors="0" timestamp="2022-01-13T13:09:12 IST" skipped="0">
  <testcase classname="com.Testcases.LoginObjectsTest" name="testObjects" time="6.472"/>
  <system-out/>
</testsuite> <!-- com.Testcases.LoginObjectsTest -->
