<?xml version="1.0" encoding="UTF-8"?>
<!-- Generated by org.testng.reporters.JUnitReportReporter -->
<testsuite hostname="STGIDT-NEW-41" failures="0" tests="1" name="com.Testcases.RegisterObjectTest" time="16.432" errors="0" timestamp="2022-01-13T12:23:13 IST" skipped="0">
  <testcase classname="com.Testcases.RegisterObjectTest" name="testObjects" time="16.432"/>
  <system-out/>
</testsuite> <!-- com.Testcases.RegisterObjectTest -->
