<?xml version="1.0" encoding="UTF-8"?>
<!-- Generated by org.testng.reporters.JUnitReportReporter -->
<testsuite hostname="STGIDT-NEW-41" failures="0" tests="1" name="com.Testcases.BaseTest" time="35.779" errors="0" timestamp="2022-02-09T10:09:52 IST" skipped="0">
  <testcase classname="com.Testcases.BaseTest" name="webApp" time="35.779"/>
  <system-out/>
</testsuite> <!-- com.Testcases.BaseTest -->
