<?xml version="1.0" encoding="UTF-8"?>
<!-- Generated by org.testng.reporters.JUnitReportReporter -->
<testsuite hostname="STGIDT-NEW-41" failures="0" tests="1" name="com.Testcases.CheckoutObjectsTest" time="33.259" errors="0" timestamp="2022-01-18T12:51:39 IST" skipped="0">
  <testcase classname="com.Testcases.CheckoutObjectsTest" name="testObjects" time="33.259"/>
  <system-out/>
</testsuite> <!-- com.Testcases.CheckoutObjectsTest -->
