<?xml version="1.0" encoding="UTF-8"?>
<!-- Generated by org.testng.reporters.JUnitReportReporter -->
<testsuite hostname="STGIDT-NEW-41" failures="0" tests="1" name="com.Testcases.CartPageObjectsTest" time="13.936" errors="0" timestamp="2022-01-17T18:39:21 IST" skipped="0">
  <testcase classname="com.Testcases.CartPageObjectsTest" name="testObjects" time="13.936"/>
  <system-out/>
</testsuite> <!-- com.Testcases.CartPageObjectsTest -->
